DEBUG: titles.py imported
2026-02-05 12:43:20,082 - celery_app - INFO - Celery App initializing...
2026-02-05 12:43:20,091 - celery_app - WARNING - Could not flush Redis: Error 61 connecting to localhost:6379. Connection refused.
2026-02-05 12:43:20,124 - job_tracker - DEBUG - JobTracker initialized with app
2026-02-05 12:43:20,137 - root - INFO - Redis not available - Async background tasks disabled (Celery)
2026-02-05 12:43:20,154 - main - DEBUG - [SocketIO PID:50808] Creating new emitter with REDIS_URL=None
2026-02-05 12:43:20,154 - main - WARNING - [SocketIO PID:50808] ⚠️ No REDIS_URL environment variable, using no-op emitter
2026-02-05 12:43:20,154 - job_tracker - DEBUG - JobTracker emitter set
/opt/homebrew/lib/python3.14/site-packages/flask_limiter/_extension.py:364: UserWarning: Using the in-memory storage for tracking rate limits as no storage was explicitly specified. This is not recommended for production use. See: https://flask-limiter.readthedocs.io#configuring-a-storage-backend for documentation about configuring the storage backend.
  warnings.warn(
2026-02-05 12:43:20,183 - app - INFO - Prometheus metrics initialized at /metrics
2026-02-05 12:43:20,183 - main - DEBUG - Reading configuration file: /Users/fernandosouza/Documents/Projetos/MyFoil/app/config/settings.yaml
2026-02-05 12:43:20,210 - main - INFO - Ensured ignore_dlcs and ignore_updates have default values.
2026-02-05 12:43:20,210 - job_tracker - DEBUG - JobTracker initialized with app
DEBUG: Calling init_internal...
DEBUG: init_internal loading titledb...
2026-02-05 12:43:20,212 - main - INFO - [2m2026-02-05T15:43:20.212209Z[0m [[32m[1minfo     [0m] [1mStartup: Loading TitleDB cache...[0m [[0m[1m[34mmain[0m][0m
2026-02-05 12:43:20,212 - main - INFO - Loading TitleDB from database...
2026-02-05 12:43:20,212 - main - INFO - Loading TitleDB from PostgreSQL database...
DEBUG: Checking TitleDBCache count...
DEBUG: TitleDBCache count: 0
2026-02-05 12:43:20,214 - main - INFO - TitleDB cache is empty, will load from files
2026-02-05 12:43:20,214 - main - WARNING - Failed to load TitleDB from database (or empty).
DEBUG: init_internal titledb loaded.
DEBUG: init_internal starting watcher...
DEBUG: init_internal starting watcher...
2026-02-05 12:43:20,214 - main - DEBUG - Scheduler loop started.
2026-02-05 12:43:20,214 - main - INFO - Job scheduler initialized.
2026-02-05 12:43:20,214 - main - INFO - Added job scheduled_metadata_fetch with schedule: interval: 12:00:00, first run at 2026-02-06 03:43:20+00:00
2026-02-05 12:43:20,215 - main - INFO - [2m2026-02-05T15:43:20.214979Z[0m [[32m[1minfo     [0m] [1mScheduled automated metadata fetch (every 12 hours)[0m [[0m[1m[34mmain[0m][0m
DEBUG: init_internal done.
2026-02-05 12:43:20,215 - main - INFO - Hello World plugin initialized!
2026-02-05 12:43:20,215 - main - INFO - Loaded plugin: Hello World v1.0.0
2026-02-05 12:43:20,215 - main - INFO - Plugin Discord Notify carregado!
2026-02-05 12:43:20,215 - main - INFO - Loaded plugin: Discord Notify v1.0.0
TITLE NOT FOUND
2026-02-05 12:43:25,215 - main - INFO - [2m2026-02-05T15:43:25.214978Z[0m [[32m[1minfo     [0m] [1mInit Stage 1: Pre-loading Library Cache...[0m [[0m[1m[34mmain[0m][0m
2026-02-05 12:43:25,218 - main - INFO - [2m2026-02-05T15:43:25.218379Z[0m [[32m[1minfo     [0m] [1mPre-loaded 0 items from disk cache[0m [[0m[1m[34mmain[0m][0m
