[debug] [2026-01-16T11:29:29.308Z] > command requires scopes: ["email","openid","https://www.googleapis.com/auth/cloudplatformprojects.readonly","https://www.googleapis.com/auth/firebase","https://www.googleapis.com/auth/cloud-platform"]
[debug] [2026-01-16T11:29:29.309Z] > authorizing via signed-in user (fernandodimas@gmail.com)
[debug] [2026-01-16T11:29:29.309Z] Checked if tokens are valid: false, expires at: 1768503099940
[debug] [2026-01-16T11:29:29.310Z] Checked if tokens are valid: false, expires at: 1768503099940
[debug] [2026-01-16T11:29:29.310Z] > refreshing access token with scopes: []
[debug] [2026-01-16T11:29:29.311Z] >>> [apiv2][query] POST https://www.googleapis.com/oauth2/v3/token [none]
[debug] [2026-01-16T11:29:29.311Z] >>> [apiv2][body] POST https://www.googleapis.com/oauth2/v3/token [omitted]
[debug] [2026-01-16T11:29:29.314Z] > command requires scopes: ["email","openid","https://www.googleapis.com/auth/cloudplatformprojects.readonly","https://www.googleapis.com/auth/firebase","https://www.googleapis.com/auth/cloud-platform"]
[debug] [2026-01-16T11:29:29.314Z] > authorizing via signed-in user (fernandodimas@gmail.com)
[debug] [2026-01-16T11:29:29.314Z] Checked if tokens are valid: false, expires at: 1768503099940
[debug] [2026-01-16T11:29:29.314Z] Checked if tokens are valid: false, expires at: 1768503099940
[debug] [2026-01-16T11:29:29.314Z] > refreshing access token with scopes: []
[debug] [2026-01-16T11:29:29.314Z] >>> [apiv2][query] POST https://www.googleapis.com/oauth2/v3/token [none]
[debug] [2026-01-16T11:29:29.314Z] >>> [apiv2][body] POST https://www.googleapis.com/oauth2/v3/token [omitted]
[debug] [2026-01-16T11:29:29.487Z] <<< [apiv2][status] POST https://www.googleapis.com/oauth2/v3/token 200
[debug] [2026-01-16T11:29:29.487Z] <<< [apiv2][body] POST https://www.googleapis.com/oauth2/v3/token [omitted]
[debug] [2026-01-16T11:29:29.497Z] >>> [apiv2][query] GET https://cloudbilling.googleapis.com/v1/projects/omnimarkapp/billingInfo [none]
[debug] [2026-01-16T11:29:29.498Z] <<< [apiv2][status] POST https://www.googleapis.com/oauth2/v3/token 200
[debug] [2026-01-16T11:29:29.498Z] <<< [apiv2][body] POST https://www.googleapis.com/oauth2/v3/token [omitted]
[debug] [2026-01-16T11:29:29.505Z] >>> [apiv2][query] GET https://cloudbilling.googleapis.com/v1/projects/omnimarkapp/billingInfo [none]
[debug] [2026-01-16T11:29:30.700Z] <<< [apiv2][status] GET https://cloudbilling.googleapis.com/v1/projects/omnimarkapp/billingInfo 200
[debug] [2026-01-16T11:29:30.700Z] <<< [apiv2][body] GET https://cloudbilling.googleapis.com/v1/projects/omnimarkapp/billingInfo {"name":"projects/omnimarkapp/billingInfo","projectId":"omnimarkapp","billingAccountName":"billingAccounts/01045A-D68CC6-522EF7","billingEnabled":true}
[debug] [2026-01-16T11:29:30.704Z] Checked if tokens are valid: true, expires at: 1768566568498
[debug] [2026-01-16T11:29:30.704Z] Checked if tokens are valid: true, expires at: 1768566568498
[debug] [2026-01-16T11:29:30.710Z] Checked if tokens are valid: true, expires at: 1768566568498
[debug] [2026-01-16T11:29:30.710Z] Checked if tokens are valid: true, expires at: 1768566568498
[debug] [2026-01-16T11:29:30.710Z] Checked if tokens are valid: true, expires at: 1768566568498
[debug] [2026-01-16T11:29:30.710Z] Checked if tokens are valid: true, expires at: 1768566568498
[debug] [2026-01-16T11:29:30.710Z] >>> [apiv2][query] GET https://serviceusage.googleapis.com/v1/projects/omnimarkapp/services/firebasedataconnect.googleapis.com [none]
[debug] [2026-01-16T11:29:30.710Z] >>> [apiv2][(partial)header] GET https://serviceusage.googleapis.com/v1/projects/omnimarkapp/services/firebasedataconnect.googleapis.com x-goog-quota-user=projects/omnimarkapp
[debug] [2026-01-16T11:29:30.711Z] >>> [apiv2][query] GET https://serviceusage.googleapis.com/v1/projects/omnimarkapp/services/firebaseapphosting.googleapis.com [none]
[debug] [2026-01-16T11:29:30.711Z] >>> [apiv2][(partial)header] GET https://serviceusage.googleapis.com/v1/projects/omnimarkapp/services/firebaseapphosting.googleapis.com x-goog-quota-user=projects/omnimarkapp
[debug] [2026-01-16T11:29:30.712Z] >>> [apiv2][query] GET https://serviceusage.googleapis.com/v1/projects/omnimarkapp/services/firebaseio.com [none]
[debug] [2026-01-16T11:29:30.712Z] >>> [apiv2][(partial)header] GET https://serviceusage.googleapis.com/v1/projects/omnimarkapp/services/firebaseio.com x-goog-quota-user=projects/omnimarkapp
[debug] [2026-01-16T11:29:31.684Z] <<< [apiv2][status] GET https://cloudbilling.googleapis.com/v1/projects/omnimarkapp/billingInfo 200
[debug] [2026-01-16T11:29:31.684Z] <<< [apiv2][body] GET https://cloudbilling.googleapis.com/v1/projects/omnimarkapp/billingInfo {"name":"projects/omnimarkapp/billingInfo","projectId":"omnimarkapp","billingAccountName":"billingAccounts/01045A-D68CC6-522EF7","billingEnabled":true}
[debug] [2026-01-16T11:29:31.684Z] Checked if tokens are valid: true, expires at: 1768566568498
[debug] [2026-01-16T11:29:31.684Z] Checked if tokens are valid: true, expires at: 1768566568498
[debug] [2026-01-16T11:29:31.686Z] Checked if tokens are valid: true, expires at: 1768566568498
[debug] [2026-01-16T11:29:31.686Z] Checked if tokens are valid: true, expires at: 1768566568498
[debug] [2026-01-16T11:29:31.687Z] Checked if tokens are valid: true, expires at: 1768566568498
[debug] [2026-01-16T11:29:31.687Z] Checked if tokens are valid: true, expires at: 1768566568498
[debug] [2026-01-16T11:29:31.687Z] >>> [apiv2][query] GET https://serviceusage.googleapis.com/v1/projects/omnimarkapp/services/firebasedataconnect.googleapis.com [none]
[debug] [2026-01-16T11:29:31.687Z] >>> [apiv2][(partial)header] GET https://serviceusage.googleapis.com/v1/projects/omnimarkapp/services/firebasedataconnect.googleapis.com x-goog-quota-user=projects/omnimarkapp
[debug] [2026-01-16T11:29:31.688Z] >>> [apiv2][query] GET https://serviceusage.googleapis.com/v1/projects/omnimarkapp/services/firebaseapphosting.googleapis.com [none]
[debug] [2026-01-16T11:29:31.688Z] >>> [apiv2][(partial)header] GET https://serviceusage.googleapis.com/v1/projects/omnimarkapp/services/firebaseapphosting.googleapis.com x-goog-quota-user=projects/omnimarkapp
[debug] [2026-01-16T11:29:31.688Z] >>> [apiv2][query] GET https://serviceusage.googleapis.com/v1/projects/omnimarkapp/services/firebaseio.com [none]
[debug] [2026-01-16T11:29:31.688Z] >>> [apiv2][(partial)header] GET https://serviceusage.googleapis.com/v1/projects/omnimarkapp/services/firebaseio.com x-goog-quota-user=projects/omnimarkapp
[debug] [2026-01-16T11:29:31.817Z] <<< [apiv2][status] GET https://serviceusage.googleapis.com/v1/projects/omnimarkapp/services/firebaseio.com 403
[debug] [2026-01-16T11:29:31.817Z] <<< [apiv2][body] GET https://serviceusage.googleapis.com/v1/projects/omnimarkapp/services/firebaseio.com [omitted]
[debug] [2026-01-16T11:29:31.963Z] <<< [apiv2][status] GET https://serviceusage.googleapis.com/v1/projects/omnimarkapp/services/firebasedataconnect.googleapis.com 200
[debug] [2026-01-16T11:29:31.963Z] <<< [apiv2][body] GET https://serviceusage.googleapis.com/v1/projects/omnimarkapp/services/firebasedataconnect.googleapis.com [omitted]
[debug] [2026-01-16T11:29:31.989Z] <<< [apiv2][status] GET https://serviceusage.googleapis.com/v1/projects/omnimarkapp/services/firebaseapphosting.googleapis.com 200
[debug] [2026-01-16T11:29:31.989Z] <<< [apiv2][body] GET https://serviceusage.googleapis.com/v1/projects/omnimarkapp/services/firebaseapphosting.googleapis.com [omitted]
[debug] [2026-01-16T11:29:32.057Z] > command requires scopes: ["email","openid","https://www.googleapis.com/auth/cloudplatformprojects.readonly","https://www.googleapis.com/auth/firebase","https://www.googleapis.com/auth/cloud-platform"]
[debug] [2026-01-16T11:29:32.057Z] > authorizing via signed-in user (fernandodimas@gmail.com)
[debug] [2026-01-16T11:29:32.057Z] Checked if tokens are valid: true, expires at: 1768566568498
[debug] [2026-01-16T11:29:32.057Z] Checked if tokens are valid: true, expires at: 1768566568498
[debug] [2026-01-16T11:29:32.057Z] >>> [apiv2][query] GET https://cloudbilling.googleapis.com/v1/projects/omnimarkapp/billingInfo [none]
[debug] [2026-01-16T11:29:32.652Z] <<< [apiv2][status] GET https://serviceusage.googleapis.com/v1/projects/omnimarkapp/services/firebaseio.com 403
[debug] [2026-01-16T11:29:32.652Z] <<< [apiv2][body] GET https://serviceusage.googleapis.com/v1/projects/omnimarkapp/services/firebaseio.com [omitted]
[debug] [2026-01-16T11:29:33.110Z] <<< [apiv2][status] GET https://serviceusage.googleapis.com/v1/projects/omnimarkapp/services/firebaseapphosting.googleapis.com 200
[debug] [2026-01-16T11:29:33.110Z] <<< [apiv2][body] GET https://serviceusage.googleapis.com/v1/projects/omnimarkapp/services/firebaseapphosting.googleapis.com [omitted]
[debug] [2026-01-16T11:29:33.118Z] <<< [apiv2][status] GET https://serviceusage.googleapis.com/v1/projects/omnimarkapp/services/firebasedataconnect.googleapis.com 200
[debug] [2026-01-16T11:29:33.118Z] <<< [apiv2][body] GET https://serviceusage.googleapis.com/v1/projects/omnimarkapp/services/firebasedataconnect.googleapis.com [omitted]
[debug] [2026-01-16T11:29:33.121Z] <<< [apiv2][status] GET https://cloudbilling.googleapis.com/v1/projects/omnimarkapp/billingInfo 200
[debug] [2026-01-16T11:29:33.121Z] <<< [apiv2][body] GET https://cloudbilling.googleapis.com/v1/projects/omnimarkapp/billingInfo {"name":"projects/omnimarkapp/billingInfo","projectId":"omnimarkapp","billingAccountName":"billingAccounts/01045A-D68CC6-522EF7","billingEnabled":true}
[debug] [2026-01-16T11:29:33.122Z] > command requires scopes: ["email","openid","https://www.googleapis.com/auth/cloudplatformprojects.readonly","https://www.googleapis.com/auth/firebase","https://www.googleapis.com/auth/cloud-platform"]
[debug] [2026-01-16T11:29:33.122Z] > authorizing via signed-in user (fernandodimas@gmail.com)
[debug] [2026-01-16T11:29:33.193Z] > command requires scopes: ["email","openid","https://www.googleapis.com/auth/cloudplatformprojects.readonly","https://www.googleapis.com/auth/firebase","https://www.googleapis.com/auth/cloud-platform"]
[debug] [2026-01-16T11:29:33.193Z] > authorizing via signed-in user (fernandodimas@gmail.com)
[debug] [2026-01-16T11:29:33.193Z] Checked if tokens are valid: true, expires at: 1768566568498
[debug] [2026-01-16T11:29:33.193Z] Checked if tokens are valid: true, expires at: 1768566568498
[debug] [2026-01-16T11:29:33.193Z] >>> [apiv2][query] GET https://cloudbilling.googleapis.com/v1/projects/omnimarkapp/billingInfo [none]
[debug] [2026-01-16T11:29:34.213Z] <<< [apiv2][status] GET https://cloudbilling.googleapis.com/v1/projects/omnimarkapp/billingInfo 200
[debug] [2026-01-16T11:29:34.213Z] <<< [apiv2][body] GET https://cloudbilling.googleapis.com/v1/projects/omnimarkapp/billingInfo {"name":"projects/omnimarkapp/billingInfo","projectId":"omnimarkapp","billingAccountName":"billingAccounts/01045A-D68CC6-522EF7","billingEnabled":true}
[debug] [2026-01-16T11:29:34.215Z] > command requires scopes: ["email","openid","https://www.googleapis.com/auth/cloudplatformprojects.readonly","https://www.googleapis.com/auth/firebase","https://www.googleapis.com/auth/cloud-platform"]
[debug] [2026-01-16T11:29:34.215Z] > authorizing via signed-in user (fernandodimas@gmail.com)
